#
# There is insufficient memory for the Java Runtime Environment to continue.
# Native memory allocation (malloc) failed to allocate 549600 bytes for Chunk::new
# Possible reasons:
#   The system is out of physical RAM or swap space
#   The process is running with CompressedOops enabled, and the Java Heap may be blocking the growth of the native heap
# Possible solutions:
#   Reduce memory load on the system
#   Increase physical memory or swap space
#   Check if swap backing store is full
#   Decrease Java heap size (-Xmx/-Xms)
#   Decrease number of Java threads
#   Decrease Java thread stack sizes (-Xss)
#   Set larger code cache with -XX:ReservedCodeCacheSize=
#   JVM is running with Unscaled Compressed Oops mode in which the Java heap is
#     placed in the first 4GB address space. The Java Heap base address is the
#     maximum limit for the native heap growth. Please use -XX:HeapBaseMinAddress
#     to set the Java Heap base and to place the Java Heap above 4GB virtual address.
# This output file may be truncated or incomplete.
#
#  Out of Memory Error (allocation.cpp:389), pid=5996, tid=0x000000000000523c
#
# JRE version: Java(TM) SE Runtime Environment (8.0_241-b07) (build 1.8.0_241-b07)
# Java VM: Java HotSpot(TM) 64-Bit Server VM (25.241-b07 mixed mode windows-amd64 compressed oops)
# Failed to write core dump. Minidumps are not enabled by default on client versions of Windows
#

---------------  T H R E A D  ---------------

Current thread (0x0000000019d09800):  JavaThread "C2 CompilerThread1" daemon [_thread_in_native, id=21052, stack(0x000000001a5b0000,0x000000001a6b0000)]

Stack: [0x000000001a5b0000,0x000000001a6b0000]
[error occurred during error reporting (printing stack bounds), id 0xc0000005]

Native frames: (J=compiled Java code, j=interpreted, Vv=VM code, C=native code)


Current CompileTask:
C2: 100435 3836       4       org.springframework.core.annotation.AnnotationsScanner::getBaseTypeMethods (145 bytes)


---------------  P R O C E S S  ---------------

Java Threads: ( => current thread )
  0x000000001a49f800 JavaThread "task-1" [_thread_in_vm, id=8392, stack(0x0000000021d10000,0x0000000021e10000)]
  0x0000000022240800 JavaThread "mysql-cj-abandoned-connection-cleanup" daemon [_thread_blocked, id=3864, stack(0x0000000021710000,0x0000000021810000)]
  0x00000000200fa800 JavaThread "container-0" [_thread_blocked, id=7940, stack(0x0000000021610000,0x0000000021710000)]
  0x000000001b181800 JavaThread "Catalina-utility-2" [_thread_blocked, id=8044, stack(0x000000001f150000,0x000000001f250000)]
  0x000000001cc5b800 JavaThread "Catalina-utility-1" [_thread_blocked, id=1712, stack(0x000000001ed60000,0x000000001ee60000)]
  0x0000000019efb000 JavaThread "restartedMain" [_thread_in_vm, id=5732, stack(0x000000001bdc0000,0x000000001bec0000)]
  0x000000001ac3c000 JavaThread "Thread-0" [_thread_blocked, id=15340, stack(0x000000001bcc0000,0x000000001bdc0000)]
  0x0000000019d42000 JavaThread "Service Thread" daemon [_thread_blocked, id=12100, stack(0x000000001a7b0000,0x000000001a8b0000)]
  0x0000000019d0c800 JavaThread "C1 CompilerThread2" daemon [_thread_blocked, id=5744, stack(0x000000001a6b0000,0x000000001a7b0000)]
=>0x0000000019d09800 JavaThread "C2 CompilerThread1" daemon [_thread_in_native, id=21052, stack(0x000000001a5b0000,0x000000001a6b0000)]
  0x0000000019cb0800 JavaThread "C2 CompilerThread0" daemon [_thread_in_native, id=21352, stack(0x000000001a4b0000,0x000000001a5b0000)]
  0x0000000017c3b000 JavaThread "JDWP Command Reader" daemon [_thread_in_native, id=17872, stack(0x00000000197b0000,0x00000000198b0000)]
  0x0000000017c37800 JavaThread "JDWP Event Helper Thread" daemon [_thread_blocked, id=17656, stack(0x00000000196b0000,0x00000000197b0000)]
  0x0000000017c34800 JavaThread "JDWP Transport Listener: dt_socket" daemon [_thread_blocked, id=16080, stack(0x00000000195b0000,0x00000000196b0000)]
  0x0000000017c22000 JavaThread "Attach Listener" daemon [_thread_blocked, id=6864, stack(0x0000000019170000,0x0000000019270000)]
  0x0000000017c20800 JavaThread "Signal Dispatcher" daemon [_thread_blocked, id=2056, stack(0x0000000019070000,0x0000000019170000)]
  0x0000000002f1b000 JavaThread "Finalizer" daemon [_thread_blocked, id=22028, stack(0x0000000018e80000,0x0000000018f80000)]
  0x0000000002f17000 JavaThread "Reference Handler" daemon [_thread_blocked, id=5724, stack(0x0000000018d80000,0x0000000018e80000)]
  0x0000000002e27000 JavaThread "main" [_thread_blocked, id=16868, stack(0x0000000002d20000,0x0000000002e20000)]

Other Threads:
  0x0000000017bd7800 VMThread [stack: 0x0000000018c80000,0x0000000018d80000] [id=1828]
  0x0000000019dd1000 WatcherThread [stack: 0x000000001a8b0000,0x000000001a9b0000] [id=16560]

VM state:not at safepoint (normal execution)

VM Mutex/Monitor currently owned by a thread: None

heap address: 0x0000000081800000, size: 2024 MB, Compressed Oops mode: 32-bit
Narrow klass base: 0x0000000000000000, Narrow klass shift: 3
Compressed class space size: 1073741824 Address: 0x0000000100000000

Heap:
 PSYoungGen      total 307200K, used 105875K [0x00000000d5d80000, 0x00000000ee800000, 0x0000000100000000)
  eden space 294912K, 35% used [0x00000000d5d80000,0x00000000dc4e4ea0,0x00000000e7d80000)
  from space 12288K, 0% used [0x00000000e8a00000,0x00000000e8a00000,0x00000000e9600000)
  to   space 12800K, 0% used [0x00000000e7d80000,0x00000000e7d80000,0x00000000e8a00000)
 ParOldGen       total 84992K, used 12552K [0x0000000081800000, 0x0000000086b00000, 0x00000000d5d80000)
  object space 84992K, 14% used [0x0000000081800000,0x00000000824421e8,0x0000000086b00000)
 Metaspace       used 38849K, capacity 40884K, committed 41088K, reserved 1085440K
  class space    used 5116K, capacity 5482K, committed 5504K, reserved 1048576K

Card table byte_map: [0x0000000012480000,0x0000000012880000] byte_map_base: 0x0000000012074000

Marking Bits: (ParMarkBitMap*) 0x000000005210be30
 Begin Bits: [0x0000000012f30000, 0x0000000014ed0000)
 End Bits:   [0x0000000014ed0000, 0x0000000016e70000)

Polling page: 0x0000000000e90000

CodeCache: size=245760Kb used=14466Kb max_used=14466Kb free=231293Kb
 bounds [0x00000000030c0000, 0x0000000003ef0000, 0x00000000120c0000]
 total_blobs=3841 nmethods=3435 adapters=326
 compilation: enabled

Compilation events (10 events):
Event: 100.397 Thread 0x0000000019d0c800 3850       3       java.lang.ClassLoader::getBootstrapClassPath (4 bytes)
Event: 100.397 Thread 0x0000000019d0c800 nmethod 3850 0x0000000003e62c50 code [0x0000000003e62da0, 0x0000000003e62f30]
Event: 100.397 Thread 0x0000000019d0c800 3851       3       sun.misc.Launcher::getBootstrapClassPath (4 bytes)
Event: 100.397 Thread 0x0000000019d0c800 nmethod 3851 0x0000000003e62950 code [0x0000000003e62aa0, 0x0000000003e62bd0]
Event: 100.397 Thread 0x0000000019d0c800 3852       3       sun.misc.CompoundEnumeration::hasMoreElements (5 bytes)
Event: 100.398 Thread 0x0000000019d0c800 nmethod 3852 0x0000000003e625d0 code [0x0000000003e62740, 0x0000000003e628c8]
Event: 100.398 Thread 0x0000000019d0c800 3853       3       java.net.URLClassLoader$3$1::run (5 bytes)
Event: 100.398 Thread 0x0000000019d0c800 nmethod 3853 0x0000000003eec090 code [0x0000000003eec220, 0x0000000003eec6b8]
Event: 100.398 Thread 0x0000000019d0c800 3854       3       java.net.URLClassLoader$3$1::run (33 bytes)
Event: 100.398 Thread 0x0000000019d0c800 nmethod 3854 0x0000000003eec890 code [0x0000000003eeca20, 0x0000000003eece58]

GC Heap History (10 events):
Event: 33.079 GC heap before
{Heap before GC invocations=6 (full 1):
 PSYoungGen      total 138240K, used 5103K [0x00000000d5d80000, 0x00000000e7480000, 0x0000000100000000)
  eden space 133120K, 0% used [0x00000000d5d80000,0x00000000d5d80000,0x00000000ddf80000)
  from space 5120K, 99% used [0x00000000ddf80000,0x00000000de47bdf0,0x00000000de480000)
  to   space 9728K, 0% used [0x00000000e6b00000,0x00000000e6b00000,0x00000000e7480000)
 ParOldGen       total 87552K, used 5843K [0x0000000081800000, 0x0000000086d80000, 0x00000000d5d80000)
  object space 87552K, 6% used [0x0000000081800000,0x0000000081db4e38,0x0000000086d80000)
 Metaspace       used 20530K, capacity 21200K, committed 21296K, reserved 1069056K
  class space    used 2468K, capacity 2649K, committed 2688K, reserved 1048576K
Event: 34.448 GC heap after
Heap after GC invocations=6 (full 1):
 PSYoungGen      total 138240K, used 0K [0x00000000d5d80000, 0x00000000e7480000, 0x0000000100000000)
  eden space 133120K, 0% used [0x00000000d5d80000,0x00000000d5d80000,0x00000000ddf80000)
  from space 5120K, 0% used [0x00000000ddf80000,0x00000000ddf80000,0x00000000de480000)
  to   space 9728K, 0% used [0x00000000e6b00000,0x00000000e6b00000,0x00000000e7480000)
 ParOldGen       total 57344K, used 6346K [0x0000000081800000, 0x0000000085000000, 0x00000000d5d80000)
  object space 57344K, 11% used [0x0000000081800000,0x0000000081e32b30,0x0000000085000000)
 Metaspace       used 20530K, capacity 21200K, committed 21296K, reserved 1069056K
  class space    used 2468K, capacity 2649K, committed 2688K, reserved 1048576K
}
Event: 50.958 GC heap before
{Heap before GC invocations=7 (full 1):
 PSYoungGen      total 138240K, used 133120K [0x00000000d5d80000, 0x00000000e7480000, 0x0000000100000000)
  eden space 133120K, 100% used [0x00000000d5d80000,0x00000000ddf80000,0x00000000ddf80000)
  from space 5120K, 0% used [0x00000000ddf80000,0x00000000ddf80000,0x00000000de480000)
  to   space 9728K, 0% used [0x00000000e6b00000,0x00000000e6b00000,0x00000000e7480000)
 ParOldGen       total 57344K, used 6346K [0x0000000081800000, 0x0000000085000000, 0x00000000d5d80000)
  object space 57344K, 11% used [0x0000000081800000,0x0000000081e32b30,0x0000000085000000)
 Metaspace       used 24128K, capacity 25280K, committed 25472K, reserved 1071104K
  class space    used 2933K, capacity 3182K, committed 3200K, reserved 1048576K
Event: 51.057 GC heap after
Heap after GC invocations=7 (full 1):
 PSYoungGen      total 207872K, used 6967K [0x00000000d5d80000, 0x00000000e7200000, 0x0000000100000000)
  eden space 200704K, 0% used [0x00000000d5d80000,0x00000000d5d80000,0x00000000e2180000)
  from space 7168K, 97% used [0x00000000e6b00000,0x00000000e71cdc38,0x00000000e7200000)
  to   space 9728K, 0% used [0x00000000e5f00000,0x00000000e5f00000,0x00000000e6880000)
 ParOldGen       total 57344K, used 6354K [0x0000000081800000, 0x0000000085000000, 0x00000000d5d80000)
  object space 57344K, 11% used [0x0000000081800000,0x0000000081e34b30,0x0000000085000000)
 Metaspace       used 24128K, capacity 25280K, committed 25472K, reserved 1071104K
  class space    used 2933K, capacity 3182K, committed 3200K, reserved 1048576K
}
Event: 80.812 GC heap before
{Heap before GC invocations=8 (full 1):
 PSYoungGen      total 207872K, used 207671K [0x00000000d5d80000, 0x00000000e7200000, 0x0000000100000000)
  eden space 200704K, 100% used [0x00000000d5d80000,0x00000000e2180000,0x00000000e2180000)
  from space 7168K, 97% used [0x00000000e6b00000,0x00000000e71cdc38,0x00000000e7200000)
  to   space 9728K, 0% used [0x00000000e5f00000,0x00000000e5f00000,0x00000000e6880000)
 ParOldGen       total 57344K, used 6354K [0x0000000081800000, 0x0000000085000000, 0x00000000d5d80000)
  object space 57344K, 11% used [0x0000000081800000,0x0000000081e34b30,0x0000000085000000)
 Metaspace       used 31162K, capacity 33044K, committed 33280K, reserved 1079296K
  class space    used 3875K, capacity 4234K, committed 4352K, reserved 1048576K
Event: 81.394 GC heap after
Heap after GC invocations=8 (full 1):
 PSYoungGen      total 273408K, used 9709K [0x00000000d5d80000, 0x00000000e9600000, 0x0000000100000000)
  eden space 263680K, 0% used [0x00000000d5d80000,0x00000000d5d80000,0x00000000e5f00000)
  from space 9728K, 99% used [0x00000000e5f00000,0x00000000e687b6c0,0x00000000e6880000)
  to   space 12288K, 0% used [0x00000000e8a00000,0x00000000e8a00000,0x00000000e9600000)
 ParOldGen       total 57344K, used 8787K [0x0000000081800000, 0x0000000085000000, 0x00000000d5d80000)
  object space 57344K, 15% used [0x0000000081800000,0x0000000082094e30,0x0000000085000000)
 Metaspace       used 31162K, capacity 33044K, committed 33280K, reserved 1079296K
  class space    used 3875K, capacity 4234K, committed 4352K, reserved 1048576K
}
Event: 91.418 GC heap before
{Heap before GC invocations=9 (full 1):
 PSYoungGen      total 273408K, used 56591K [0x00000000d5d80000, 0x00000000e9600000, 0x0000000100000000)
  eden space 263680K, 17% used [0x00000000d5d80000,0x00000000d8b488e0,0x00000000e5f00000)
  from space 9728K, 99% used [0x00000000e5f00000,0x00000000e687b6c0,0x00000000e6880000)
  to   space 12288K, 0% used [0x00000000e8a00000,0x00000000e8a00000,0x00000000e9600000)
 ParOldGen       total 57344K, used 8787K [0x0000000081800000, 0x0000000085000000, 0x00000000d5d80000)
  object space 57344K, 15% used [0x0000000081800000,0x0000000082094e30,0x0000000085000000)
 Metaspace       used 33369K, capacity 35278K, committed 35496K, reserved 1081344K
  class space    used 4136K, capacity 4489K, committed 4608K, reserved 1048576K
Event: 91.577 GC heap after
Heap after GC invocations=9 (full 1):
 PSYoungGen      total 307200K, used 9086K [0x00000000d5d80000, 0x00000000ee800000, 0x0000000100000000)
  eden space 294912K, 0% used [0x00000000d5d80000,0x00000000d5d80000,0x00000000e7d80000)
  from space 12288K, 73% used [0x00000000e8a00000,0x00000000e92df940,0x00000000e9600000)
  to   space 12800K, 0% used [0x00000000e7d80000,0x00000000e7d80000,0x00000000e8a00000)
 ParOldGen       total 57344K, used 8795K [0x0000000081800000, 0x0000000085000000, 0x00000000d5d80000)
  object space 57344K, 15% used [0x0000000081800000,0x0000000082096e30,0x0000000085000000)
 Metaspace       used 33369K, capacity 35278K, committed 35496K, reserved 1081344K
  class space    used 4136K, capacity 4489K, committed 4608K, reserved 1048576K
}
Event: 91.577 GC heap before
{Heap before GC invocations=10 (full 2):
 PSYoungGen      total 307200K, used 9086K [0x00000000d5d80000, 0x00000000ee800000, 0x0000000100000000)
  eden space 294912K, 0% used [0x00000000d5d80000,0x00000000d5d80000,0x00000000e7d80000)
  from space 12288K, 73% used [0x00000000e8a00000,0x00000000e92df940,0x00000000e9600000)
  to   space 12800K, 0% used [0x00000000e7d80000,0x00000000e7d80000,0x00000000e8a00000)
 ParOldGen       total 57344K, used 8795K [0x0000000081800000, 0x0000000085000000, 0x00000000d5d80000)
  object space 57344K, 15% used [0x0000000081800000,0x0000000082096e30,0x0000000085000000)
 Metaspace       used 33369K, capacity 35278K, committed 35496K, reserved 1081344K
  class space    used 4136K, capacity 4489K, committed 4608K, reserved 1048576K
Event: 91.971 GC heap after
Heap after GC invocations=10 (full 2):
 PSYoungGen      total 307200K, used 0K [0x00000000d5d80000, 0x00000000ee800000, 0x0000000100000000)
  eden space 294912K, 0% used [0x00000000d5d80000,0x00000000d5d80000,0x00000000e7d80000)
  from space 12288K, 0% used [0x00000000e8a00000,0x00000000e8a00000,0x00000000e9600000)
  to   space 12800K, 0% used [0x00000000e7d80000,0x00000000e7d80000,0x00000000e8a00000)
 ParOldGen       total 84992K, used 12552K [0x0000000081800000, 0x0000000086b00000, 0x00000000d5d80000)
  object space 84992K, 14% used [0x0000000081800000,0x00000000824421e8,0x0000000086b00000)
 Metaspace       used 33369K, capacity 35278K, committed 35496K, reserved 1081344K
  class space    used 4136K, capacity 4489K, committed 4608K, reserved 1048576K
}

Deoptimization events (10 events):
Event: 100.387 Thread 0x000000001a49f800 Uncommon trap: reason=unhandled action=none pc=0x00000000039c5640 method=java.net.URLClassLoader.findClass(Ljava/lang/String;)Ljava/lang/Class; @ 44
Event: 100.388 Thread 0x000000001a49f800 Uncommon trap: reason=unhandled action=none pc=0x00000000039c5640 method=java.net.URLClassLoader.findClass(Ljava/lang/String;)Ljava/lang/Class; @ 44
Event: 100.389 Thread 0x000000001a49f800 Uncommon trap: reason=unhandled action=none pc=0x00000000039c5640 method=java.net.URLClassLoader.findClass(Ljava/lang/String;)Ljava/lang/Class; @ 44
Event: 100.390 Thread 0x000000001a49f800 Uncommon trap: reason=unhandled action=none pc=0x00000000039c5640 method=java.net.URLClassLoader.findClass(Ljava/lang/String;)Ljava/lang/Class; @ 44
Event: 100.392 Thread 0x000000001a49f800 Uncommon trap: reason=unhandled action=none pc=0x00000000039c5640 method=java.net.URLClassLoader.findClass(Ljava/lang/String;)Ljava/lang/Class; @ 44
Event: 100.393 Thread 0x000000001a49f800 Uncommon trap: reason=unhandled action=none pc=0x00000000039c5640 method=java.net.URLClassLoader.findClass(Ljava/lang/String;)Ljava/lang/Class; @ 44
Event: 100.394 Thread 0x000000001a49f800 Uncommon trap: reason=unhandled action=none pc=0x00000000039c5640 method=java.net.URLClassLoader.findClass(Ljava/lang/String;)Ljava/lang/Class; @ 44
Event: 100.395 Thread 0x000000001a49f800 Uncommon trap: reason=unhandled action=none pc=0x00000000039c5640 method=java.net.URLClassLoader.findClass(Ljava/lang/String;)Ljava/lang/Class; @ 44
Event: 100.396 Thread 0x000000001a49f800 Uncommon trap: reason=unhandled action=none pc=0x00000000039c5640 method=java.net.URLClassLoader.findClass(Ljava/lang/String;)Ljava/lang/Class; @ 44
Event: 100.398 Thread 0x000000001a49f800 Uncommon trap: reason=unhandled action=none pc=0x00000000039c5640 method=java.net.URLClassLoader.findClass(Ljava/lang/String;)Ljava/lang/Class; @ 44

Classes redefined (0 events):
No events

Internal exceptions (10 events):
Event: 94.368 Thread 0x0000000019efb000 Exception <a 'java/lang/ClassNotFoundException': org/springframework/beans/factory/AwareCustomizer> (0x00000000d78ae530) thrown at [C:\ade\jenkins\workspace\8-2-build-windows-amd64-cygwin\jdk8u241\331\hotspot\src\share\vm\classfile\systemDictionary.cpp, l
Event: 94.369 Thread 0x0000000019efb000 Exception <a 'java/lang/ArrayIndexOutOfBoundsException': 273> (0x00000000d78b54c0) thrown at [C:\ade\jenkins\workspace\8-2-build-windows-amd64-cygwin\jdk8u241\331\hotspot\src\share\vm\interpreter\interpreterRuntime.cpp, line 368]
Event: 94.549 Thread 0x0000000019efb000 Exception <a 'java/lang/ArrayIndexOutOfBoundsException': 184> (0x00000000d82ebe00) thrown at [C:\ade\jenkins\workspace\8-2-build-windows-amd64-cygwin\jdk8u241\331\hotspot\src\share\vm\interpreter\interpreterRuntime.cpp, line 368]
Event: 94.552 Thread 0x0000000019efb000 Exception <a 'java/lang/ArrayIndexOutOfBoundsException': 139> (0x00000000d85147c8) thrown at [C:\ade\jenkins\workspace\8-2-build-windows-amd64-cygwin\jdk8u241\331\hotspot\src\share\vm\interpreter\interpreterRuntime.cpp, line 368]
Event: 98.618 Thread 0x0000000019efb000 Exception <a 'java/lang/ArrayIndexOutOfBoundsException': 218> (0x00000000da880870) thrown at [C:\ade\jenkins\workspace\8-2-build-windows-amd64-cygwin\jdk8u241\331\hotspot\src\share\vm\interpreter\interpreterRuntime.cpp, line 368]
Event: 99.075 Thread 0x0000000019efb000 Exception <a 'java/lang/ArrayIndexOutOfBoundsException': 132> (0x00000000db109d58) thrown at [C:\ade\jenkins\workspace\8-2-build-windows-amd64-cygwin\jdk8u241\331\hotspot\src\share\vm\interpreter\interpreterRuntime.cpp, line 368]
Event: 99.076 Thread 0x0000000019efb000 Exception <a 'java/lang/ArrayIndexOutOfBoundsException': 172> (0x00000000db10bb40) thrown at [C:\ade\jenkins\workspace\8-2-build-windows-amd64-cygwin\jdk8u241\331\hotspot\src\share\vm\interpreter\interpreterRuntime.cpp, line 368]
Event: 99.076 Thread 0x0000000019efb000 Exception <a 'java/lang/ArrayIndexOutOfBoundsException': 262> (0x00000000db10df10) thrown at [C:\ade\jenkins\workspace\8-2-build-windows-amd64-cygwin\jdk8u241\331\hotspot\src\share\vm\interpreter\interpreterRuntime.cpp, line 368]
Event: 100.310 Thread 0x0000000019efb000 Exception <a 'java/lang/ArrayIndexOutOfBoundsException': 265> (0x00000000dbb552e0) thrown at [C:\ade\jenkins\workspace\8-2-build-windows-amd64-cygwin\jdk8u241\331\hotspot\src\share\vm\interpreter\interpreterRuntime.cpp, line 368]
Event: 100.314 Thread 0x0000000019efb000 Exception <a 'java/lang/ArrayIndexOutOfBoundsException': 256> (0x00000000dbb8ceb8) thrown at [C:\ade\jenkins\workspace\8-2-build-windows-amd64-cygwin\jdk8u241\331\hotspot\src\share\vm\interpreter\interpreterRuntime.cpp, line 368]

Events (10 events):
Event: 100.396 loading class org/hibernate/boot/spi/MetadataBuilderInitializer
Event: 100.396 loading class org/hibernate/boot/spi/MetadataBuilderInitializer done
Event: 100.396 Thread 0x000000001a49f800 Uncommon trap: trap_request=0xffffffa7 fr.pc=0x00000000039c5640
Event: 100.396 Thread 0x000000001a49f800 DEOPT PACKING pc=0x00000000039c5640 sp=0x0000000021e0dff0
Event: 100.396 Thread 0x000000001a49f800 DEOPT UNPACKING pc=0x000000000310583b sp=0x0000000021e0dee8 mode 2
Event: 100.398 loading class org/hibernate/boot/spi/MetadataBuilderFactory
Event: 100.398 loading class org/hibernate/boot/spi/MetadataBuilderFactory done
Event: 100.398 Thread 0x000000001a49f800 Uncommon trap: trap_request=0xffffffa7 fr.pc=0x00000000039c5640
Event: 100.398 Thread 0x000000001a49f800 DEOPT PACKING pc=0x00000000039c5640 sp=0x0000000021e0dfe0
Event: 100.398 Thread 0x000000001a49f800 DEOPT UNPACKING pc=0x000000000310583b sp=0x0000000021e0ded8 mode 2


Dynamic libraries:
0x00007ff728b00000 - 0x00007ff728b37000 	C:\Program Files\Java\jdk1.8.0_241\bin\javaw.exe
0x00007ffbb5dd0000 - 0x00007ffbb5fc5000 	C:\WINDOWS\SYSTEM32\ntdll.dll
0x00007ffbb48f0000 - 0x00007ffbb49ad000 	C:\WINDOWS\System32\KERNEL32.DLL
0x00007ffbb3560000 - 0x00007ffbb3827000 	C:\WINDOWS\System32\KERNELBASE.dll
0x00007ffbb5a00000 - 0x00007ffbb5aaa000 	C:\WINDOWS\System32\ADVAPI32.dll
0x00007ffbb57f0000 - 0x00007ffbb588e000 	C:\WINDOWS\System32\msvcrt.dll
0x00007ffbb40f0000 - 0x00007ffbb418b000 	C:\WINDOWS\System32\sechost.dll
0x00007ffbb5500000 - 0x00007ffbb5624000 	C:\WINDOWS\System32\RPCRT4.dll
0x00007ffbb5b80000 - 0x00007ffbb5d20000 	C:\WINDOWS\System32\USER32.dll
0x00007ffbb3960000 - 0x00007ffbb3982000 	C:\WINDOWS\System32\win32u.dll
0x00007ffbb40c0000 - 0x00007ffbb40ea000 	C:\WINDOWS\System32\GDI32.dll
0x00007ffbb3af0000 - 0x00007ffbb3bf9000 	C:\WINDOWS\System32\gdi32full.dll
0x00007ffbb3860000 - 0x00007ffbb38fd000 	C:\WINDOWS\System32\msvcp_win.dll
0x00007ffbb3c00000 - 0x00007ffbb3d00000 	C:\WINDOWS\System32\ucrtbase.dll
0x00007ffba5df0000 - 0x00007ffba608b000 	C:\WINDOWS\WinSxS\amd64_microsoft.windows.common-controls_6595b64144ccf1df_6.0.19041.488_none_ca04af081b815d21\COMCTL32.dll
0x00007ffbb5890000 - 0x00007ffbb58c0000 	C:\WINDOWS\System32\IMM32.DLL
0x00000000529c0000 - 0x0000000052a92000 	C:\Program Files\Java\jdk1.8.0_241\jre\bin\msvcr100.dll
0x00000000518e0000 - 0x000000005218c000 	C:\Program Files\Java\jdk1.8.0_241\jre\bin\server\jvm.dll
0x00007ffbb48e0000 - 0x00007ffbb48e8000 	C:\WINDOWS\System32\PSAPI.DLL
0x00007ffbb1500000 - 0x00007ffbb1509000 	C:\WINDOWS\SYSTEM32\WSOCK32.dll
0x00007ffbb5d20000 - 0x00007ffbb5d8b000 	C:\WINDOWS\System32\WS2_32.dll
0x00007ffba6de0000 - 0x00007ffba6e07000 	C:\WINDOWS\SYSTEM32\WINMM.dll
0x00007ffbaacb0000 - 0x00007ffbaacba000 	C:\WINDOWS\SYSTEM32\VERSION.dll
0x00007ffbaec60000 - 0x00007ffbaec6f000 	C:\Program Files\Java\jdk1.8.0_241\jre\bin\verify.dll
0x00007ffba0f30000 - 0x00007ffba0f59000 	C:\Program Files\Java\jdk1.8.0_241\jre\bin\java.dll
0x00007ffb8cf20000 - 0x00007ffb8cf55000 	C:\Program Files\Java\jdk1.8.0_241\jre\bin\jdwp.dll
0x00007ffbad640000 - 0x00007ffbad648000 	C:\Program Files\Java\jdk1.8.0_241\jre\bin\npt.dll
0x00007ffb99270000 - 0x00007ffb99293000 	C:\Program Files\Java\jdk1.8.0_241\jre\bin\instrument.dll
0x00007ffba0f10000 - 0x00007ffba0f26000 	C:\Program Files\Java\jdk1.8.0_241\jre\bin\zip.dll
0x00007ffbb4190000 - 0x00007ffbb48d1000 	C:\WINDOWS\System32\SHELL32.dll
0x00007ffbb1630000 - 0x00007ffbb1dc3000 	C:\WINDOWS\SYSTEM32\windows.storage.dll
0x00007ffbb4c40000 - 0x00007ffbb4f95000 	C:\WINDOWS\System32\combase.dll
0x00007ffbb2eb0000 - 0x00007ffbb2edc000 	C:\WINDOWS\SYSTEM32\Wldp.dll
0x00007ffbb4b90000 - 0x00007ffbb4c3e000 	C:\WINDOWS\System32\SHCORE.dll
0x00007ffbb4b30000 - 0x00007ffbb4b85000 	C:\WINDOWS\System32\shlwapi.dll
0x00007ffbb3440000 - 0x00007ffbb3466000 	C:\WINDOWS\SYSTEM32\profapi.dll
0x00007ffbad160000 - 0x00007ffbad169000 	C:\Program Files\Java\jdk1.8.0_241\jre\bin\dt_socket.dll
0x00007ffb97380000 - 0x00007ffb97397000 	C:\WINDOWS\system32\napinsp.dll
0x00007ffb97360000 - 0x00007ffb9737b000 	C:\WINDOWS\system32\pnrpnsp.dll
0x00007ffbaddd0000 - 0x00007ffbadde5000 	C:\WINDOWS\system32\wshbth.dll
0x00007ffbae980000 - 0x00007ffbae99d000 	C:\WINDOWS\system32\NLAapi.dll
0x00007ffbb28e0000 - 0x00007ffbb291b000 	C:\WINDOWS\SYSTEM32\IPHLPAPI.DLL
0x00007ffbb2be0000 - 0x00007ffbb2c4a000 	C:\WINDOWS\System32\mswsock.dll
0x00007ffbb2930000 - 0x00007ffbb29fb000 	C:\WINDOWS\SYSTEM32\DNSAPI.dll
0x00007ffbb4fa0000 - 0x00007ffbb4fa9000 	C:\WINDOWS\System32\NSI.dll
0x00007ffb97320000 - 0x00007ffb97332000 	C:\WINDOWS\System32\winrnr.dll
0x00007ffba9690000 - 0x00007ffba970f000 	C:\WINDOWS\System32\fwpuclnt.dll
0x00007ffbb3830000 - 0x00007ffbb3857000 	C:\WINDOWS\System32\bcrypt.dll
0x00007ffbac160000 - 0x00007ffbac16a000 	C:\Windows\System32\rasadhlp.dll
0x00007ffbab870000 - 0x00007ffbab87d000 	C:\Program Files\Java\jdk1.8.0_241\jre\bin\management.dll
0x00007ffb9a0e0000 - 0x00007ffb9a0fa000 	C:\Program Files\Java\jdk1.8.0_241\jre\bin\net.dll
0x00007ffb8b7c0000 - 0x00007ffb8b7d2000 	C:\Program Files\Java\jdk1.8.0_241\jre\bin\nio.dll
0x00007ffbb2da0000 - 0x00007ffbb2db8000 	C:\WINDOWS\SYSTEM32\CRYPTSP.dll
0x00007ffbb2580000 - 0x00007ffbb25b4000 	C:\WINDOWS\system32\rsaenh.dll
0x00007ffbb33c0000 - 0x00007ffbb33ee000 	C:\WINDOWS\SYSTEM32\USERENV.dll
0x00007ffbb3d00000 - 0x00007ffbb3d7f000 	C:\WINDOWS\System32\bcryptprimitives.dll
0x00007ffbb2d90000 - 0x00007ffbb2d9c000 	C:\WINDOWS\SYSTEM32\CRYPTBASE.dll
0x00007ffbaace0000 - 0x00007ffbaacf7000 	C:\WINDOWS\SYSTEM32\dhcpcsvc6.DLL
0x00007ffbaacc0000 - 0x00007ffbaacdd000 	C:\WINDOWS\SYSTEM32\dhcpcsvc.DLL

VM Arguments:
jvm_args: -agentlib:jdwp=transport=dt_socket,suspend=y,address=localhost:58343 -javaagent:C:\Users\uznza\eclipse\java-2020-09\eclipse\configuration\org.eclipse.osgi\215\0\.cp\lib\javaagent-shaded.jar -Dfile.encoding=UTF-8 
java_command: com.zenontechnology.libraryproject.LibraryprojectApplication
java_class_path (initial): C:\Users\uznza\git\repository3\libraryproject\target\classes;C:\Users\uznza\.m2\repository\org\springframework\boot\spring-boot-starter-data-jpa\2.3.4.RELEASE\spring-boot-starter-data-jpa-2.3.4.RELEASE.jar;C:\Users\uznza\.m2\repository\org\springframework\boot\spring-boot-starter-aop\2.3.4.RELEASE\spring-boot-starter-aop-2.3.4.RELEASE.jar;C:\Users\uznza\.m2\repository\org\aspectj\aspectjweaver\1.9.6\aspectjweaver-1.9.6.jar;C:\Users\uznza\.m2\repository\org\springframework\boot\spring-boot-starter-jdbc\2.3.4.RELEASE\spring-boot-starter-jdbc-2.3.4.RELEASE.jar;C:\Users\uznza\.m2\repository\com\zaxxer\HikariCP\3.4.5\HikariCP-3.4.5.jar;C:\Users\uznza\.m2\repository\org\springframework\spring-jdbc\5.2.9.RELEASE\spring-jdbc-5.2.9.RELEASE.jar;C:\Users\uznza\.m2\repository\jakarta\transaction\jakarta.transaction-api\1.3.3\jakarta.transaction-api-1.3.3.jar;C:\Users\uznza\.m2\repository\jakarta\persistence\jakarta.persistence-api\2.2.3\jakarta.persistence-api-2.2.3.jar;C:\Users\uznza\.m2\repository\org\hibernate\hibernate-core\5.4.21.Final\hibernate-core-5.4.21.Final.jar;C:\Users\uznza\.m2\repository\org\jboss\logging\jboss-logging\3.4.1.Final\jboss-logging-3.4.1.Final.jar;C:\Users\uznza\.m2\repository\org\javassist\javassist\3.24.0-GA\javassist-3.24.0-GA.jar;C:\Users\uznza\.m2\repository\net\bytebuddy\byte-buddy\1.10.14\byte-buddy-1.10.14.jar;C:\Users\uznza\.m2\repository\antlr\antlr\2.7.7\antlr-2.7.7.jar;C:\Users\uznza\.m2\repository\org\jboss\jandex\2.1.3.Final\jandex-2.1.3.Final.jar;C:\Users\uznza\.m2\repository\com\fasterxml\classmate\1.5.1\classmate-1.5.1.jar;C:\Users\uznza\.m2\repository\org\dom4j\dom4j\2.1.3\dom4j-2.1.3.jar;C:\Users\uznza\.m2\repository\org\hibernate\common\hibernate-commons-annotations\5.1.0.Final\hibernate-commons-annotations-5.1.0.Final.jar;C:\Users\uznza\.m2\repository\org\glassfish\jaxb\jaxb-runtime\2.3.3\jaxb-runtime-2.3.3.jar;C:\Users\uznza\.m2\repository\org\glassfish\jaxb\txw2\2.3.3\txw2-2.3.3.jar;C:\Users\uznza\.m
Launcher Type: SUN_STANDARD

Environment Variables:
PATH=C:\Program Files\Java\jdk1.8.0_241\jre\bin;C:/Users/uznza/.p2/pool/plugins/org.eclipse.justj.openjdk.hotspot.jre.full.win32.x86_64_14.0.2.v20200815-0932/jre/bin/server;C:/Users/uznza/.p2/pool/plugins/org.eclipse.justj.openjdk.hotspot.jre.full.win32.x86_64_14.0.2.v20200815-0932/jre/bin;C:\Program Files (x86)\Common Files\Oracle\Java\javapath;C:\Windows\system32;C:\Windows;C:\Windows\System32\Wbem;C:\Windows\System32\WindowsPowerShell\v1.0\;C:\Windows\System32\OpenSSH\;C:\Program Files\Microsoft SQL Server\130\Tools\Binn\;C:\Program Files\Git\cmd;C:\Program Files\Microsoft SQL Server\Client SDK\ODBC\170\Tools\Binn\;C:\Program Files (x86)\Microsoft SQL Server\150\DTS\Binn\;C:\Program Files (x86)\Microsoft SQL Server\150\Tools\Binn\;C:\Program Files\Microsoft SQL Server\150\Tools\Binn\;C:\Program Files\Microsoft SQL Server\150\DTS\Binn\;C:\Program Files\nodejs\;C:\gradle-6.2.2\bin;C:\Program Files\NVIDIA Corporation\NVIDIA NvDLISR;C:\Program Files (x86)\NVIDIA Corporation\PhysX\Common;C:\Program Files\dotnet\;C:\Go\bin;C:\WINDOWS\system32;C:\WINDOWS;C:\WINDOWS\System32\Wbem;C:\WINDOWS\System32\WindowsPowerShell\v1.0\;C:\WINDOWS\System32\OpenSSH\;C:\Program Files\Docker\Docker\resources\bin;C:\ProgramData\DockerDesktop\version-bin;C:\Program Files\MySQL\MySQL Server 8.0\bin;C:\Users\uznza\AppData\Local\Microsoft\WindowsApps;C:\Users\uznza\AppData\Local\Programs\Microsoft VS Code\bin;C:\Users\uznza\AppData\Roaming\npm;C:\Users\uznza\AppData\Local\GitHubDesktop\bin;C:\Users\uznza\go\bin;C:\Program Files\Docker Toolbox;C:\Users\uznza\AppData\Local\Microsoft\WindowsApps;C:\Users\uznza\AppData\Local\Android\Sdk\platform-tools;;C:\Users\uznza\Desktop;
USERNAME=uznza
OS=Windows_NT
PROCESSOR_IDENTIFIER=Intel64 Family 6 Model 78 Stepping 3, GenuineIntel



---------------  S Y S T E M  ---------------

OS: Windows 10.0 , 64 bit Build 19041 (10.0.19041.292)

CPU:total 4 (initial active 4) (2 cores per cpu, 2 threads per core) family 6 model 78 stepping 3, cmov, cx8, fxsr, mmx, sse, sse2, sse3, ssse3, sse4.1, sse4.2, popcnt, avx, avx2, aes, clmul, erms, 3dnowpref, lzcnt, ht, tsc, tscinvbit, bmi1, bmi2, adx

Memory: 4k page, physical 8285036k(476556k free), swap 15166248k(4448k free)

vm_info: Java HotSpot(TM) 64-Bit Server VM (25.241-b07) for windows-amd64 JRE (1.8.0_241-b07), built on Dec 11 2019 10:21:40 by "rejava" with MS VC++ 10.0 (VS2010)

time: Tue Sep 29 18:42:58 2020
timezone: Türkiye Standart Saati
elapsed time: 100 seconds (0d 0h 1m 40s)

